<?xml version="1.0" encoding="UTF-8"?>
<!-- Generated by org.testng.reporters.JUnitReportReporter -->
<testsuite hostname="todd" failures="0" tests="1" name="suite1.SampleSiteTest" time="7.107" errors="0" timestamp="2023-10-23T22:39:23 EDT" skipped="0">
  <testcase classname="suite1.SampleSiteTest" name="testSiteHeader2" time="7.107"/>
  <system-out/>
</testsuite> <!-- suite1.SampleSiteTest -->
