<?xml version="1.0" encoding="UTF-8"?>
<!-- Generated by org.testng.reporters.JUnitReportReporter -->
<testsuite hostname="todd" failures="0" tests="1" name="suite1.SampleSiteTest" time="4.846" errors="0" timestamp="2023-10-23T22:34:55 EDT" skipped="0">
  <testcase classname="suite1.SampleSiteTest" name="testSiteHeader2" time="4.846"/>
</testsuite> <!-- suite1.SampleSiteTest -->
